

Started GET "/" for ::1 at 2016-07-02 22:05:48 +0300
Processing by Rails::WelcomeController#index as HTML
  Rendered /home/meryborn/.gem/ruby/2.3.0/gems/railties-4.2.6/lib/rails/templates/rails/welcome/index.html.erb (1.4ms)
Completed 200 OK in 13ms (Views: 6.9ms | ActiveRecord: 0.0ms)


Started GET "/rails/info/properties" for ::1 at 2016-07-02 22:05:51 +0300
Processing by Rails::InfoController#properties as HTML
  Rendered /home/meryborn/.gem/ruby/2.3.0/gems/railties-4.2.6/lib/rails/templates/rails/info/properties.html.erb (0.3ms)
Completed 200 OK in 24ms (Views: 7.7ms | ActiveRecord: 1.2ms)


Started GET "/posts" for ::1 at 2016-07-02 22:06:17 +0300
Processing by PostsController#index as HTML
  Rendered posts/index.html.erb within layouts/application (0.4ms)
Completed 200 OK in 536ms (Views: 535.6ms | ActiveRecord: 0.0ms)


Started GET "/assets/posts.self-e3b0c44298fc1c149afbf4c8996fb92427ae41e4649b934ca495991b7852b855.css?body=1" for ::1 at 2016-07-02 22:06:17 +0300


Started GET "/assets/application.self-e80e8f2318043e8af94dddc2adad5a4f09739a8ebb323b3ab31cd71d45fd9113.css?body=1" for ::1 at 2016-07-02 22:06:17 +0300


Started GET "/assets/jquery.self-660adc51e0224b731d29f575a6f1ec167ba08ad06ed5deca4f1e8654c135bf4c.js?body=1" for ::1 at 2016-07-02 22:06:17 +0300


Started GET "/assets/jquery_ujs.self-e87806d0cf4489aeb1bb7288016024e8de67fd18db693fe026fe3907581e53cd.js?body=1" for ::1 at 2016-07-02 22:06:17 +0300


Started GET "/assets/turbolinks.self-c5acd7a204f5f25ce7a1d8a0e4d92e28d34c9e2df2c7371cd7af88e147e4ad82.js?body=1" for ::1 at 2016-07-02 22:06:17 +0300


Started GET "/assets/posts.self-877aef30ae1b040ab8a3aba4e3e309a11d7f2612f44dde450b5c157aa5f95c05.js?body=1" for ::1 at 2016-07-02 22:06:17 +0300


Started GET "/assets/application.self-3b8dabdc891efe46b9a144b400ad69e37d7e5876bdc39dee783419a69d7ca819.js?body=1" for ::1 at 2016-07-02 22:06:17 +0300
  [1m[36m (1.3ms)[0m  [1mCREATE TABLE "schema_migrations" ("version" varchar NOT NULL) [0m
  [1m[35m (0.1ms)[0m  select sqlite_version(*)
  [1m[36m (1.2ms)[0m  [1mCREATE UNIQUE INDEX "unique_schema_migrations" ON "schema_migrations" ("version")[0m
  [1m[35mActiveRecord::SchemaMigration Load (0.1ms)[0m  SELECT "schema_migrations".* FROM "schema_migrations"
Migrating to CreatePosts (20160702191420)
  [1m[36m (0.1ms)[0m  [1mbegin transaction[0m
  [1m[35m (0.2ms)[0m  CREATE TABLE "posts" ("id" INTEGER PRIMARY KEY AUTOINCREMENT NOT NULL, "title" varchar, "content" text, "created_at" datetime NOT NULL, "updated_at" datetime NOT NULL) 
  [1m[36mSQL (0.1ms)[0m  [1mINSERT INTO "schema_migrations" ("version") VALUES (?)[0m  [["version", "20160702191420"]]
  [1m[35m (0.9ms)[0m  commit transaction
  [1m[36mActiveRecord::SchemaMigration Load (0.1ms)[0m  [1mSELECT "schema_migrations".* FROM "schema_migrations"[0m
  [1m[36m (0.1ms)[0m  [1mbegin transaction[0m
  [1m[35mSQL (0.7ms)[0m  INSERT INTO "posts" ("created_at", "updated_at") VALUES (?, ?)  [["created_at", "2016-07-02 21:12:49.542401"], ["updated_at", "2016-07-02 21:12:49.542401"]]
  [1m[36m (1.0ms)[0m  [1mcommit transaction[0m
  [1m[36m (0.1ms)[0m  [1mbegin transaction[0m
  [1m[35mSQL (0.3ms)[0m  INSERT INTO "posts" ("title", "content", "created_at", "updated_at") VALUES (?, ?, ?, ?)  [["title", "First post"], ["content", "Content for first post"], ["created_at", "2016-07-02 21:57:47.835750"], ["updated_at", "2016-07-02 21:57:47.835750"]]
  [1m[36m (5.1ms)[0m  [1mcommit transaction[0m
  [1m[35m (0.1ms)[0m  begin transaction
  [1m[36mSQL (0.1ms)[0m  [1mINSERT INTO "posts" ("title", "content", "created_at", "updated_at") VALUES (?, ?, ?, ?)[0m  [["title", "Second post"], ["content", "Content for second post"], ["created_at", "2016-07-02 21:59:18.194825"], ["updated_at", "2016-07-02 21:59:18.194825"]]
  [1m[35m (5.1ms)[0m  commit transaction
  [1m[36mPost Load (0.2ms)[0m  [1mSELECT "posts".* FROM "posts"[0m
  [1m[35mPost Load (0.2ms)[0m  SELECT  "posts".* FROM "posts" WHERE "posts"."id" = ? LIMIT 1  [["id", 2]]
  [1m[36m (0.1ms)[0m  [1mbegin transaction[0m
  [1m[35mSQL (0.2ms)[0m  UPDATE "posts" SET "title" = ?, "updated_at" = ? WHERE "posts"."id" = ?  [["title", "Our 2nd Post"], ["updated_at", "2016-07-02 22:00:56.810390"], ["id", 2]]
  [1m[36m (4.8ms)[0m  [1mcommit transaction[0m
  [1m[35m (0.1ms)[0m  begin transaction
  [1m[36mSQL (0.3ms)[0m  [1mUPDATE "posts" SET "content" = ?, "updated_at" = ? WHERE "posts"."id" = ?[0m  [["content", "Content for our second post"], ["updated_at", "2016-07-02 22:01:43.114877"], ["id", 2]]
  [1m[35m (2.4ms)[0m  commit transaction
  [1m[36mPost Load (0.1ms)[0m  [1mSELECT  "posts".* FROM "posts" WHERE "posts"."id" = ? LIMIT 1[0m  [["id", 1]]
  [1m[35m (0.1ms)[0m  begin transaction
  [1m[36mSQL (0.2ms)[0m  [1mDELETE FROM "posts" WHERE "posts"."id" = ?[0m  [["id", 1]]
  [1m[35m (5.0ms)[0m  commit transaction
  [1m[36mPost Load (0.1ms)[0m  [1mSELECT  "posts".* FROM "posts" WHERE "posts"."id" = ? LIMIT 1[0m  [["id", 1]]
